2024-01-17T00:12:57.633-05:00  INFO 4194 --- [Test worker] t.l.kanban.KanbanApplicationTests        : Starting KanbanApplicationTests using Java 21.0.1 with PID 4194 (started by lucas in /Users/lucas/Documents/code/kanban)
2024-01-17T00:12:57.659-05:00  INFO 4194 --- [Test worker] t.l.kanban.KanbanApplicationTests        : No active profile set, falling back to 1 default profile: "default"
2024-01-17T00:12:59.157-05:00  INFO 4194 --- [Test worker] .s.d.r.c.RepositoryConfigurationDelegate : Bootstrapping Spring Data JPA repositories in DEFAULT mode.
2024-01-17T00:12:59.258-05:00  INFO 4194 --- [Test worker] .s.d.r.c.RepositoryConfigurationDelegate : Finished Spring Data repository scanning in 87 ms. Found 4 JPA repository interfaces.
2024-01-17T00:13:00.304-05:00  INFO 4194 --- [Test worker] o.hibernate.jpa.internal.util.LogHelper  : HHH000204: Processing PersistenceUnitInfo [name: default]
2024-01-17T00:13:00.658-05:00  INFO 4194 --- [Test worker] org.hibernate.Version                    : HHH000412: Hibernate ORM core version 6.4.1.Final
2024-01-17T00:13:00.807-05:00  INFO 4194 --- [Test worker] o.h.c.internal.RegionFactoryInitiator    : HHH000026: Second-level cache disabled
2024-01-17T00:13:01.275-05:00  INFO 4194 --- [Test worker] o.s.o.j.p.SpringPersistenceUnitInfo      : No LoadTimeWeaver setup: ignoring JPA class transformer
2024-01-17T00:13:01.324-05:00  INFO 4194 --- [Test worker] com.zaxxer.hikari.HikariDataSource       : HikariPool-1 - Starting...
2024-01-17T00:13:01.562-05:00  INFO 4194 --- [Test worker] com.zaxxer.hikari.pool.HikariPool        : HikariPool-1 - Added connection org.postgresql.jdbc.PgConnection@58e03769
2024-01-17T00:13:01.567-05:00  INFO 4194 --- [Test worker] com.zaxxer.hikari.HikariDataSource       : HikariPool-1 - Start completed.
2024-01-17T00:13:04.506-05:00  INFO 4194 --- [Test worker] o.h.e.t.j.p.i.JtaPlatformInitiator       : HHH000489: No JTA platform available (set 'hibernate.transaction.jta.platform' to enable JTA platform integration)
2024-01-17T00:13:04.752-05:00  INFO 4194 --- [Test worker] j.LocalContainerEntityManagerFactoryBean : Initialized JPA EntityManagerFactory for persistence unit 'default'
2024-01-17T00:13:05.677-05:00  WARN 4194 --- [Test worker] JpaBaseConfiguration$JpaWebConfiguration : spring.jpa.open-in-view is enabled by default. Therefore, database queries may be performed during view rendering. Explicitly configure spring.jpa.open-in-view to disable this warning
2024-01-17T00:13:05.794-05:00  WARN 4194 --- [Test worker] .s.s.UserDetailsServiceAutoConfiguration : 

Using generated security password: ddce67c4-fb3d-4ed8-aada-856bb6998313

This generated password is for development use only. Your security configuration must be updated before running your application in production.

2024-01-17T00:13:06.606-05:00  INFO 4194 --- [Test worker] o.s.s.web.DefaultSecurityFilterChain     : Will secure any request with [org.springframework.security.web.session.DisableEncodeUrlFilter@2cdb53d6, org.springframework.security.web.context.request.async.WebAsyncManagerIntegrationFilter@62ba3045, org.springframework.security.web.context.SecurityContextHolderFilter@693ed09d, org.springframework.security.web.header.HeaderWriterFilter@7c3223aa, org.springframework.web.filter.CorsFilter@397bd46b, org.springframework.security.web.authentication.logout.LogoutFilter@3dbf3bc, org.springframework.security.web.savedrequest.RequestCacheAwareFilter@6c26e588, org.springframework.security.web.servletapi.SecurityContextHolderAwareRequestFilter@62f73b0c, org.springframework.security.web.authentication.AnonymousAuthenticationFilter@d863bb, org.springframework.security.web.access.ExceptionTranslationFilter@1d988297, org.springframework.security.web.access.intercept.AuthorizationFilter@442151d1]
2024-01-17T00:13:07.592-05:00  INFO 4194 --- [Test worker] t.l.kanban.KanbanApplicationTests        : Started KanbanApplicationTests in 10.448 seconds (process running for 12.917)
2024-01-17T00:13:08.834-05:00  INFO 4194 --- [SpringApplicationShutdownHook] j.LocalContainerEntityManagerFactoryBean : Closing JPA EntityManagerFactory for persistence unit 'default'
2024-01-17T00:13:08.839-05:00  INFO 4194 --- [SpringApplicationShutdownHook] com.zaxxer.hikari.HikariDataSource       : HikariPool-1 - Shutdown initiated...
2024-01-17T00:13:08.860-05:00  INFO 4194 --- [SpringApplicationShutdownHook] com.zaxxer.hikari.HikariDataSource       : HikariPool-1 - Shutdown completed.
2024-01-17T00:26:26.335-05:00  INFO 4325 --- [main] t.l.kanban.KanbanApplication             : Starting KanbanApplication using Java 21.0.1 with PID 4325 (/Users/lucas/Documents/code/kanban/build/classes/java/main started by lucas in /Users/lucas/Documents/code/kanban)
2024-01-17T00:26:26.339-05:00  INFO 4325 --- [main] t.l.kanban.KanbanApplication             : No active profile set, falling back to 1 default profile: "default"
2024-01-17T00:26:27.438-05:00  INFO 4325 --- [main] .s.d.r.c.RepositoryConfigurationDelegate : Bootstrapping Spring Data JPA repositories in DEFAULT mode.
2024-01-17T00:26:27.539-05:00  INFO 4325 --- [main] .s.d.r.c.RepositoryConfigurationDelegate : Finished Spring Data repository scanning in 85 ms. Found 4 JPA repository interfaces.
2024-01-17T00:26:28.514-05:00  INFO 4325 --- [main] o.s.b.w.embedded.tomcat.TomcatWebServer  : Tomcat initialized with port 1337 (http)
2024-01-17T00:26:28.538-05:00  INFO 4325 --- [main] o.apache.catalina.core.StandardService   : Starting service [Tomcat]
2024-01-17T00:26:28.539-05:00  INFO 4325 --- [main] o.apache.catalina.core.StandardEngine    : Starting Servlet engine: [Apache Tomcat/10.1.17]
2024-01-17T00:26:28.637-05:00  INFO 4325 --- [main] o.a.c.c.C.[Tomcat].[localhost].[/]       : Initializing Spring embedded WebApplicationContext
2024-01-17T00:26:28.637-05:00  INFO 4325 --- [main] w.s.c.ServletWebServerApplicationContext : Root WebApplicationContext: initialization completed in 2222 ms
2024-01-17T00:26:28.938-05:00  INFO 4325 --- [main] o.hibernate.jpa.internal.util.LogHelper  : HHH000204: Processing PersistenceUnitInfo [name: default]
2024-01-17T00:26:29.068-05:00  INFO 4325 --- [main] org.hibernate.Version                    : HHH000412: Hibernate ORM core version 6.4.1.Final
2024-01-17T00:26:29.138-05:00  INFO 4325 --- [main] o.h.c.internal.RegionFactoryInitiator    : HHH000026: Second-level cache disabled
2024-01-17T00:26:29.633-05:00  INFO 4325 --- [main] o.s.o.j.p.SpringPersistenceUnitInfo      : No LoadTimeWeaver setup: ignoring JPA class transformer
2024-01-17T00:26:29.683-05:00  INFO 4325 --- [main] com.zaxxer.hikari.HikariDataSource       : HikariPool-1 - Starting...
2024-01-17T00:26:29.929-05:00  INFO 4325 --- [main] com.zaxxer.hikari.pool.HikariPool        : HikariPool-1 - Added connection org.postgresql.jdbc.PgConnection@4cc8d70d
2024-01-17T00:26:29.931-05:00  INFO 4325 --- [main] com.zaxxer.hikari.HikariDataSource       : HikariPool-1 - Start completed.
2024-01-17T00:26:31.615-05:00  INFO 4325 --- [main] o.h.e.t.j.p.i.JtaPlatformInitiator       : HHH000489: No JTA platform available (set 'hibernate.transaction.jta.platform' to enable JTA platform integration)
2024-01-17T00:26:31.786-05:00  INFO 4325 --- [main] j.LocalContainerEntityManagerFactoryBean : Initialized JPA EntityManagerFactory for persistence unit 'default'
2024-01-17T00:26:32.222-05:00  WARN 4325 --- [main] JpaBaseConfiguration$JpaWebConfiguration : spring.jpa.open-in-view is enabled by default. Therefore, database queries may be performed during view rendering. Explicitly configure spring.jpa.open-in-view to disable this warning
2024-01-17T00:26:32.261-05:00  WARN 4325 --- [main] .s.s.UserDetailsServiceAutoConfiguration : 

Using generated security password: 4773b2e6-d40f-4d3f-884e-66335a65079a

This generated password is for development use only. Your security configuration must be updated before running your application in production.

2024-01-17T00:26:32.697-05:00  INFO 4325 --- [main] o.s.s.web.DefaultSecurityFilterChain     : Will secure any request with [org.springframework.security.web.session.DisableEncodeUrlFilter@68feca3a, org.springframework.security.web.context.request.async.WebAsyncManagerIntegrationFilter@ad585fb, org.springframework.security.web.context.SecurityContextHolderFilter@278150a1, org.springframework.security.web.header.HeaderWriterFilter@c02a1be, org.springframework.web.filter.CorsFilter@fa689db, org.springframework.security.web.authentication.logout.LogoutFilter@37393dab, org.springframework.security.web.savedrequest.RequestCacheAwareFilter@712e4b18, org.springframework.security.web.servletapi.SecurityContextHolderAwareRequestFilter@af96ac9, org.springframework.security.web.authentication.AnonymousAuthenticationFilter@75a6bd06, org.springframework.security.web.access.ExceptionTranslationFilter@642d34f1, org.springframework.security.web.access.intercept.AuthorizationFilter@7f53b345]
2024-01-17T00:26:33.319-05:00  INFO 4325 --- [main] o.s.b.w.embedded.tomcat.TomcatWebServer  : Tomcat started on port 1337 (http) with context path ''
2024-01-17T00:26:33.351-05:00  INFO 4325 --- [main] t.l.kanban.KanbanApplication             : Started KanbanApplication in 7.666 seconds (process running for 8.321)
2024-01-17T00:26:52.767-05:00  INFO 4325 --- [http-nio-1337-exec-2] o.a.c.c.C.[Tomcat].[localhost].[/]       : Initializing Spring DispatcherServlet 'dispatcherServlet'
2024-01-17T00:26:52.768-05:00  INFO 4325 --- [http-nio-1337-exec-2] o.s.web.servlet.DispatcherServlet        : Initializing Servlet 'dispatcherServlet'
2024-01-17T00:26:52.772-05:00  INFO 4325 --- [http-nio-1337-exec-2] o.s.web.servlet.DispatcherServlet        : Completed initialization in 3 ms
